Using pre-set license
Built from '2020.3/staging' branch; Version is '2020.3.11f1 (99c7afb366b3) revision 10078127'; Using compiler version '192528614'; Build Type 'Release'
OS: 'Windows 10 Pro; OS build 19042.985; Version 2009; 64bit' Language: 'en' Physical Memory: 7976 MB
BatchMode: 1, IsHumanControllingUs: 0, StartBugReporterOnCrash: 0, Is64bit: 1, IsPro: 0

 COMMAND LINE ARGUMENTS:
C:\Program Files\Unity\Hub\Editor\2020.3.11f1\Editor\Unity.exe
-adb2
-batchMode
-noUpm
-name
AssetImportWorker0
-projectPath
C:/Users/remic/OneDrive/Documents/GitHub/LEAU_DOUCE_GMTK_2021/LEAU_DOUCE_GMTK_2021
-logFile
Logs/AssetImportWorker0.log
-srvPort
50919
Successfully changed project path to: C:/Users/remic/OneDrive/Documents/GitHub/LEAU_DOUCE_GMTK_2021/LEAU_DOUCE_GMTK_2021
C:/Users/remic/OneDrive/Documents/GitHub/LEAU_DOUCE_GMTK_2021/LEAU_DOUCE_GMTK_2021
Using Asset Import Pipeline V2.
Refreshing native plugins compatible for Editor in 43.20 ms, found 2 plugins.
Preloading 0 native plugins for Editor in 0.00 ms.
Initialize engine version: 2020.3.11f1 (99c7afb366b3)
[Subsystems] Discovering subsystems at path C:/Program Files/Unity/Hub/Editor/2020.3.11f1/Editor/Data/Resources/UnitySubsystems
[Subsystems] Discovering subsystems at path C:/Users/remic/OneDrive/Documents/GitHub/LEAU_DOUCE_GMTK_2021/LEAU_DOUCE_GMTK_2021/Assets
GfxDevice: creating device client; threaded=0
Direct3D:
    Version:  Direct3D 11.0 [level 11.1]
    Renderer: NVIDIA GeForce MX250 (ID=0x1d13)
    Vendor:   
    VRAM:     1983 MB
    Driver:   27.21.14.5167
Shader 'Universal Render Pipeline/Particles/Lit': fallback shader 'Universal Render Pipeline/Particles/SimpleLit' not found
Initialize mono
Mono path[0] = 'C:/Program Files/Unity/Hub/Editor/2020.3.11f1/Editor/Data/Managed'
Mono path[1] = 'C:/Program Files/Unity/Hub/Editor/2020.3.11f1/Editor/Data/MonoBleedingEdge/lib/mono/unityjit'
Mono config path = 'C:/Program Files/Unity/Hub/Editor/2020.3.11f1/Editor/Data/MonoBleedingEdge/etc'
Using monoOptions --debugger-agent=transport=dt_socket,embedding=1,server=y,suspend=n,address=127.0.0.1:56028
Begin MonoManager ReloadAssembly
Registering precompiled unity dll's ...
Register platform support module: C:/Program Files/Unity/Hub/Editor/2020.3.11f1/Editor/Data/PlaybackEngines/WindowsStandaloneSupport/UnityEditor.WindowsStandalone.Extensions.dll
Registered in 0.002180 seconds.
Native extension for WindowsStandalone target not found
Refreshing native plugins compatible for Editor in 41.84 ms, found 2 plugins.
Preloading 0 native plugins for Editor in 0.00 ms.
Mono: successfully reloaded assembly
- Completed reload, in  0.936 seconds
Platform modules already initialized, skipping
Registering precompiled user dll's ...
Registered in 0.004139 seconds.
Begin MonoManager ReloadAssembly
Native extension for WindowsStandalone target not found
Refreshing native plugins compatible for Editor in 40.91 ms, found 2 plugins.
Preloading 0 native plugins for Editor in 0.00 ms.
Mono: successfully reloaded assembly
- Completed reload, in  1.007 seconds
Platform modules already initialized, skipping
========================================================================
Worker process is ready to serve import requests
Shader 'Universal Render Pipeline/Particles/Lit': fallback shader 'Universal Render Pipeline/Particles/SimpleLit' not found
Launched and connected shader compiler UnityShaderCompiler.exe after 0.03 seconds
Refreshing native plugins compatible for Editor in 1.45 ms, found 2 plugins.
Preloading 0 native plugins for Editor in 0.00 ms.
Unloading 2689 Unused Serialized files (Serialized files now loaded: 0)
System memory in use before: 122.4 MB.
System memory in use after: 122.6 MB.

Unloading 19 unused Assets to reduce memory usage. Loaded Objects now: 3121.
Total: 2.257800 ms (FindLiveObjects: 0.294200 ms CreateObjectMapping: 0.121100 ms MarkObjects: 1.777600 ms  DeleteObjects: 0.063900 ms)

========================================================================
Received Import Request.
  path: Assets/Scripts/Ennemis
  artifactKey: Guid(82162f79ef5768a438ee29fae088c751) Importer(815301076,1909f56bfc062723c751e8b465ee728b)
Start importing Assets/Scripts/Ennemis using Guid(82162f79ef5768a438ee29fae088c751) Importer(815301076,1909f56bfc062723c751e8b465ee728b)  -> (artifact id: '6970e79c339a70f82d68419bdac1ce8d') in 0.006373 seconds
  Import took 0.012127 seconds .

========================================================================
Received Import Request.
  Time since last request: 19.985655 seconds.
  path: Assets/Scripts/Ennemis/Twomp
  artifactKey: Guid(cd578993567ac1948bea6ae4e83663b7) Importer(815301076,1909f56bfc062723c751e8b465ee728b)
Start importing Assets/Scripts/Ennemis/Twomp using Guid(cd578993567ac1948bea6ae4e83663b7) Importer(815301076,1909f56bfc062723c751e8b465ee728b)  -> (artifact id: '137b34fe88498a7c56013f9398674ead') in 0.002014 seconds
  Import took 0.006030 seconds .

========================================================================
Received Import Request.
  Time since last request: 0.005001 seconds.
  path: Assets/Scripts/Ennemis/Twomp
  artifactKey: Guid(cd578993567ac1948bea6ae4e83663b7) Importer(815301076,1909f56bfc062723c751e8b465ee728b)
Start importing Assets/Scripts/Ennemis/Twomp using Guid(cd578993567ac1948bea6ae4e83663b7) Importer(815301076,1909f56bfc062723c751e8b465ee728b)  -> (artifact id: '137b34fe88498a7c56013f9398674ead') in 0.003996 seconds
  Import took 0.008294 seconds .

========================================================================
Received Import Request.
  Time since last request: 24.133466 seconds.
  path: Assets/Scripts/Ennemis/Piques
  artifactKey: Guid(ae400e99b7b10eb4b82fa9260d68af65) Importer(815301076,1909f56bfc062723c751e8b465ee728b)
Start importing Assets/Scripts/Ennemis/Piques using Guid(ae400e99b7b10eb4b82fa9260d68af65) Importer(815301076,1909f56bfc062723c751e8b465ee728b)  -> (artifact id: '3ae73205d781351e8d1726a328ccb75d') in 0.002401 seconds
  Import took 0.007745 seconds .

========================================================================
Received Import Request.
  Time since last request: 10.503864 seconds.
  path: Assets/Scripts/Ennemis/New Folder
  artifactKey: Guid(942b5a74a859de84199bbe8e131dd445) Importer(815301076,1909f56bfc062723c751e8b465ee728b)
Start importing Assets/Scripts/Ennemis/New Folder using Guid(942b5a74a859de84199bbe8e131dd445) Importer(815301076,1909f56bfc062723c751e8b465ee728b)  -> (artifact id: '85891411581c98f65a4a7fba997edbd5') in 0.004092 seconds
  Import took 0.008803 seconds .

========================================================================
Received Import Request.
  Time since last request: 0.003635 seconds.
  path: Assets/Scripts/Ennemis/New Folder
  artifactKey: Guid(942b5a74a859de84199bbe8e131dd445) Importer(815301076,1909f56bfc062723c751e8b465ee728b)
Start importing Assets/Scripts/Ennemis/New Folder using Guid(942b5a74a859de84199bbe8e131dd445) Importer(815301076,1909f56bfc062723c751e8b465ee728b)  -> (artifact id: '85891411581c98f65a4a7fba997edbd5') in 0.002086 seconds
  Import took 0.006300 seconds .

========================================================================
Received Import Request.
  Time since last request: 138.157493 seconds.
  path: Assets/Scripts/Twomp.cs
  artifactKey: Guid(994b2f9ae4ce15543b1fb9f7b921ce7a) Importer(815301076,1909f56bfc062723c751e8b465ee728b)
Start importing Assets/Scripts/Twomp.cs using Guid(994b2f9ae4ce15543b1fb9f7b921ce7a) Importer(815301076,1909f56bfc062723c751e8b465ee728b)  -> (artifact id: '48b42e05d04d4730583869a8b111f979') in 0.024778 seconds
  Import took 0.029829 seconds .

========================================================================
Received Prepare
Registering precompiled user dll's ...
Registered in 0.007242 seconds.
Begin MonoManager ReloadAssembly
Native extension for WindowsStandalone target not found
Refreshing native plugins compatible for Editor in 0.60 ms, found 2 plugins.
Preloading 0 native plugins for Editor in 0.00 ms.
Mono: successfully reloaded assembly
- Completed reload, in  0.904 seconds
Platform modules already initialized, skipping
Shader 'Universal Render Pipeline/Particles/Lit': fallback shader 'Universal Render Pipeline/Particles/SimpleLit' not found
Refreshing native plugins compatible for Editor in 0.52 ms, found 2 plugins.
Preloading 0 native plugins for Editor in 0.00 ms.
Unloading 2581 Unused Serialized files (Serialized files now loaded: 0)
System memory in use before: 115.5 MB.
System memory in use after: 115.7 MB.

Unloading 14 unused Assets to reduce memory usage. Loaded Objects now: 3125.
Total: 1.958100 ms (FindLiveObjects: 0.266100 ms CreateObjectMapping: 0.132700 ms MarkObjects: 1.540300 ms  DeleteObjects: 0.018000 ms)

========================================================================
Received Import Request.
  Time since last request: 283.821039 seconds.
  path: Assets/Scripts/TwompPlayerDetector.cs
  artifactKey: Guid(692906388abd1ee48ad54554dc35ca9a) Importer(815301076,1909f56bfc062723c751e8b465ee728b)
Start importing Assets/Scripts/TwompPlayerDetector.cs using Guid(692906388abd1ee48ad54554dc35ca9a) Importer(815301076,1909f56bfc062723c751e8b465ee728b)  -> (artifact id: 'ce754c34c7d75239ae72d2873ec1bb19') in 0.010013 seconds
  Import took 0.017275 seconds .

========================================================================
Received Import Request.
  Time since last request: 0.006867 seconds.
  path: Assets/Scripts/TwompPlayerDetector.cs
  artifactKey: Guid(692906388abd1ee48ad54554dc35ca9a) Importer(815301076,1909f56bfc062723c751e8b465ee728b)
Start importing Assets/Scripts/TwompPlayerDetector.cs using Guid(692906388abd1ee48ad54554dc35ca9a) Importer(815301076,1909f56bfc062723c751e8b465ee728b)  -> (artifact id: 'ce754c34c7d75239ae72d2873ec1bb19') in 0.002591 seconds
  Import took 0.007852 seconds .

========================================================================
Received Prepare
Registering precompiled user dll's ...
Registered in 0.006932 seconds.
Begin MonoManager ReloadAssembly
Native extension for WindowsStandalone target not found
Refreshing native plugins compatible for Editor in 0.45 ms, found 2 plugins.
Preloading 0 native plugins for Editor in 0.00 ms.
Mono: successfully reloaded assembly
- Completed reload, in  0.936 seconds
Platform modules already initialized, skipping
Shader 'Universal Render Pipeline/Particles/Lit': fallback shader 'Universal Render Pipeline/Particles/SimpleLit' not found
Refreshing native plugins compatible for Editor in 0.46 ms, found 2 plugins.
Preloading 0 native plugins for Editor in 0.00 ms.
Unloading 2582 Unused Serialized files (Serialized files now loaded: 0)
System memory in use before: 115.5 MB.
System memory in use after: 115.7 MB.

Unloading 14 unused Assets to reduce memory usage. Loaded Objects now: 3129.
Total: 2.087200 ms (FindLiveObjects: 0.325400 ms CreateObjectMapping: 0.127800 ms MarkObjects: 1.615800 ms  DeleteObjects: 0.017400 ms)

========================================================================
Received Import Request.
  Time since last request: 333.115206 seconds.
  path: Assets/Scripts/TwompPlayerDetector.cs
  artifactKey: Guid(692906388abd1ee48ad54554dc35ca9a) Importer(815301076,1909f56bfc062723c751e8b465ee728b)
Start importing Assets/Scripts/TwompPlayerDetector.cs using Guid(692906388abd1ee48ad54554dc35ca9a) Importer(815301076,1909f56bfc062723c751e8b465ee728b)  -> (artifact id: '0b7fec1839af9da35372a92b9d100b27') in 0.007612 seconds
  Import took 0.012571 seconds .

========================================================================
Received Import Request.
  Time since last request: 10.773034 seconds.
  path: Assets/Scripts/TwompDetector.cs
  artifactKey: Guid(b3834acb19ae20c47acfd26425fb0152) Importer(815301076,1909f56bfc062723c751e8b465ee728b)
Start importing Assets/Scripts/TwompDetector.cs using Guid(b3834acb19ae20c47acfd26425fb0152) Importer(815301076,1909f56bfc062723c751e8b465ee728b)  -> (artifact id: '76e6c897c765536edc8882f3c8b7b874') in 0.002158 seconds
  Import took 0.007402 seconds .

========================================================================
Received Import Request.
  Time since last request: 156.454917 seconds.
  path: Assets/Scripts
  artifactKey: Guid(02a3527b6b33a924e8ec66aa805ea717) Importer(815301076,1909f56bfc062723c751e8b465ee728b)
Start importing Assets/Scripts using Guid(02a3527b6b33a924e8ec66aa805ea717) Importer(815301076,1909f56bfc062723c751e8b465ee728b)  -> (artifact id: '3d22bec3b2937c29cd085e1506c06094') in 0.005665 seconds
  Import took 0.009652 seconds .

========================================================================
Received Import Request.
  Time since last request: 20.406354 seconds.
  path: Assets/Scripts/MovementJustine.cs
  artifactKey: Guid(c6a53935bcae3324ca16b7afd9365fb9) Importer(815301076,1909f56bfc062723c751e8b465ee728b)
Start importing Assets/Scripts/MovementJustine.cs using Guid(c6a53935bcae3324ca16b7afd9365fb9) Importer(815301076,1909f56bfc062723c751e8b465ee728b)  -> (artifact id: '2d5191ac1ebf7241c9e35240b63f7bdf') in 0.025291 seconds
  Import took 0.029224 seconds .

========================================================================
Received Prepare
Registering precompiled user dll's ...
Registered in 0.003469 seconds.
Begin MonoManager ReloadAssembly
Native extension for WindowsStandalone target not found
Refreshing native plugins compatible for Editor in 0.48 ms, found 2 plugins.
Preloading 0 native plugins for Editor in 0.00 ms.
Mono: successfully reloaded assembly
- Completed reload, in  0.847 seconds
Platform modules already initialized, skipping
Shader 'Universal Render Pipeline/Particles/Lit': fallback shader 'Universal Render Pipeline/Particles/SimpleLit' not found
Refreshing native plugins compatible for Editor in 0.48 ms, found 2 plugins.
Preloading 0 native plugins for Editor in 0.00 ms.
Unloading 2581 Unused Serialized files (Serialized files now loaded: 0)
System memory in use before: 116.8 MB.
System memory in use after: 117.0 MB.

Unloading 14 unused Assets to reduce memory usage. Loaded Objects now: 3128.
Total: 1.993300 ms (FindLiveObjects: 0.225100 ms CreateObjectMapping: 0.068100 ms MarkObjects: 1.680100 ms  DeleteObjects: 0.019300 ms)

========================================================================
Received Import Request.
  Time since last request: 13.997607 seconds.
  path: Assets/Scripts/Movement.cs
  artifactKey: Guid(c6a53935bcae3324ca16b7afd9365fb9) Importer(815301076,1909f56bfc062723c751e8b465ee728b)
Start importing Assets/Scripts/Movement.cs using Guid(c6a53935bcae3324ca16b7afd9365fb9) Importer(815301076,1909f56bfc062723c751e8b465ee728b)  -> (artifact id: 'e67fd07e39cf60a6fd778057bee0e39f') in 0.009574 seconds
  Import took 0.013378 seconds .

========================================================================
Received Prepare
Registering precompiled user dll's ...
Registered in 0.004184 seconds.
Begin MonoManager ReloadAssembly
Native extension for WindowsStandalone target not found
Refreshing native plugins compatible for Editor in 0.46 ms, found 2 plugins.
Preloading 0 native plugins for Editor in 0.00 ms.
Mono: successfully reloaded assembly
- Completed reload, in  0.847 seconds
Platform modules already initialized, skipping
Shader 'Universal Render Pipeline/Particles/Lit': fallback shader 'Universal Render Pipeline/Particles/SimpleLit' not found
Refreshing native plugins compatible for Editor in 0.51 ms, found 2 plugins.
Preloading 0 native plugins for Editor in 0.00 ms.
Unloading 2581 Unused Serialized files (Serialized files now loaded: 0)
System memory in use before: 116.9 MB.
System memory in use after: 117.1 MB.

Unloading 14 unused Assets to reduce memory usage. Loaded Objects now: 3131.
Total: 1.960400 ms (FindLiveObjects: 0.231400 ms CreateObjectMapping: 0.071200 ms MarkObjects: 1.637400 ms  DeleteObjects: 0.019200 ms)

========================================================================
Received Import Request.
  Time since last request: 162.472398 seconds.
  path: Assets/Materials
  artifactKey: Guid(d0234ba368eeec9418390da711bfdad0) Importer(815301076,1909f56bfc062723c751e8b465ee728b)
Start importing Assets/Materials using Guid(d0234ba368eeec9418390da711bfdad0) Importer(815301076,1909f56bfc062723c751e8b465ee728b)  -> (artifact id: 'fa67f7aafba014bdcc74449d8eba51d0') in 0.010378 seconds
  Import took 0.015979 seconds .

========================================================================
Received Import Request.
  Time since last request: 9.717873 seconds.
  path: Assets/Materials/Blanc.mat
  artifactKey: Guid(60b2faacca3a0e842b411ac44be05b11) Importer(815301076,1909f56bfc062723c751e8b465ee728b)
Start importing Assets/Materials/Blanc.mat using Guid(60b2faacca3a0e842b411ac44be05b11) Importer(815301076,1909f56bfc062723c751e8b465ee728b)  -> (artifact id: '02ce4e77f1d5bc7baa6cf8fd7be3c5a1') in 0.189962 seconds
  Import took 0.194121 seconds .

========================================================================
Received Prepare
Registering precompiled user dll's ...
Registered in 0.003781 seconds.
Begin MonoManager ReloadAssembly
Native extension for WindowsStandalone target not found
Refreshing native plugins compatible for Editor in 0.48 ms, found 2 plugins.
Preloading 0 native plugins for Editor in 0.00 ms.
Mono: successfully reloaded assembly
- Completed reload, in  0.896 seconds
Platform modules already initialized, skipping
Shader 'Universal Render Pipeline/Particles/Lit': fallback shader 'Universal Render Pipeline/Particles/SimpleLit' not found
Refreshing native plugins compatible for Editor in 0.49 ms, found 2 plugins.
Preloading 0 native plugins for Editor in 0.00 ms.
Unloading 2581 Unused Serialized files (Serialized files now loaded: 0)
System memory in use before: 122.3 MB.
System memory in use after: 122.5 MB.

Unloading 14 unused Assets to reduce memory usage. Loaded Objects now: 3212.
Total: 2.070300 ms (FindLiveObjects: 0.251400 ms CreateObjectMapping: 0.067400 ms MarkObjects: 1.733500 ms  DeleteObjects: 0.017000 ms)

========================================================================
Received Import Request.
  Time since last request: 336.272234 seconds.
  path: Assets/Materials/Rouge.mat
  artifactKey: Guid(f4ca4161d27c52242a43ee4c9e97cc65) Importer(815301076,1909f56bfc062723c751e8b465ee728b)
Start importing Assets/Materials/Rouge.mat using Guid(f4ca4161d27c52242a43ee4c9e97cc65) Importer(815301076,1909f56bfc062723c751e8b465ee728b)  -> (artifact id: 'adf062f1718e572fa318a69f7eeb4137') in 0.140709 seconds
  Import took 0.144834 seconds .

========================================================================
Received Prepare
Registering precompiled user dll's ...
Registered in 0.003681 seconds.
Begin MonoManager ReloadAssembly
Native extension for WindowsStandalone target not found
Refreshing native plugins compatible for Editor in 0.48 ms, found 2 plugins.
Preloading 0 native plugins for Editor in 0.00 ms.
Mono: successfully reloaded assembly
- Completed reload, in  0.866 seconds
Platform modules already initialized, skipping
Shader 'Universal Render Pipeline/Particles/Lit': fallback shader 'Universal Render Pipeline/Particles/SimpleLit' not found
Refreshing native plugins compatible for Editor in 0.48 ms, found 2 plugins.
Preloading 0 native plugins for Editor in 0.00 ms.
Unloading 2581 Unused Serialized files (Serialized files now loaded: 0)
System memory in use before: 122.5 MB.
System memory in use after: 122.7 MB.

Unloading 14 unused Assets to reduce memory usage. Loaded Objects now: 3251.
Total: 2.096800 ms (FindLiveObjects: 0.259600 ms CreateObjectMapping: 0.081100 ms MarkObjects: 1.738800 ms  DeleteObjects: 0.016600 ms)

========================================================================
Received Prepare
Registering precompiled user dll's ...
Registered in 0.004352 seconds.
Begin MonoManager ReloadAssembly
Native extension for WindowsStandalone target not found
Refreshing native plugins compatible for Editor in 0.51 ms, found 2 plugins.
Preloading 0 native plugins for Editor in 0.00 ms.
Mono: successfully reloaded assembly
- Completed reload, in  0.908 seconds
Platform modules already initialized, skipping
Shader 'Universal Render Pipeline/Particles/Lit': fallback shader 'Universal Render Pipeline/Particles/SimpleLit' not found
Refreshing native plugins compatible for Editor in 0.51 ms, found 2 plugins.
Preloading 0 native plugins for Editor in 0.00 ms.
Unloading 2581 Unused Serialized files (Serialized files now loaded: 0)
System memory in use before: 122.5 MB.
System memory in use after: 122.7 MB.

Unloading 14 unused Assets to reduce memory usage. Loaded Objects now: 3254.
Total: 2.473600 ms (FindLiveObjects: 0.249600 ms CreateObjectMapping: 0.069800 ms MarkObjects: 2.136200 ms  DeleteObjects: 0.016900 ms)

========================================================================
Received Prepare
Registering precompiled user dll's ...
Registered in 0.003691 seconds.
Begin MonoManager ReloadAssembly
Native extension for WindowsStandalone target not found
Refreshing native plugins compatible for Editor in 0.50 ms, found 2 plugins.
Preloading 0 native plugins for Editor in 0.00 ms.
Mono: successfully reloaded assembly
- Completed reload, in  0.901 seconds
Platform modules already initialized, skipping
Shader 'Universal Render Pipeline/Particles/Lit': fallback shader 'Universal Render Pipeline/Particles/SimpleLit' not found
Refreshing native plugins compatible for Editor in 0.50 ms, found 2 plugins.
Preloading 0 native plugins for Editor in 0.00 ms.
Unloading 2581 Unused Serialized files (Serialized files now loaded: 0)
System memory in use before: 122.6 MB.
System memory in use after: 122.8 MB.

Unloading 14 unused Assets to reduce memory usage. Loaded Objects now: 3257.
Total: 2.100800 ms (FindLiveObjects: 0.248900 ms CreateObjectMapping: 0.067900 ms MarkObjects: 1.765000 ms  DeleteObjects: 0.018400 ms)

========================================================================
Received Import Request.
  Time since last request: 1717.357899 seconds.
  path: Assets/Materials/Bleu.mat
  artifactKey: Guid(cb7bb571b00953342989e6e4377f7b6e) Importer(815301076,1909f56bfc062723c751e8b465ee728b)
Start importing Assets/Materials/Bleu.mat using Guid(cb7bb571b00953342989e6e4377f7b6e) Importer(815301076,1909f56bfc062723c751e8b465ee728b)  -> (artifact id: '4caab3980161bee971dbdf3b9adb21ad') in 0.154122 seconds
  Import took 0.159798 seconds .

========================================================================
Received Import Request.
  Time since last request: 0.000156 seconds.
  path: Assets/Materials/Rouge.mat
  artifactKey: Guid(f4ca4161d27c52242a43ee4c9e97cc65) Importer(815301076,1909f56bfc062723c751e8b465ee728b)
Start importing Assets/Materials/Rouge.mat using Guid(f4ca4161d27c52242a43ee4c9e97cc65) Importer(815301076,1909f56bfc062723c751e8b465ee728b)  -> (artifact id: '50b890ea54b0060cc2de1f8b90f7baf2') in 0.012466 seconds
  Import took 0.016269 seconds .

========================================================================
Received Prepare
Registering precompiled user dll's ...
Registered in 0.003824 seconds.
Begin MonoManager ReloadAssembly
Native extension for WindowsStandalone target not found
Refreshing native plugins compatible for Editor in 0.73 ms, found 2 plugins.
Preloading 0 native plugins for Editor in 0.00 ms.
Mono: successfully reloaded assembly
- Completed reload, in  0.901 seconds
Platform modules already initialized, skipping
Shader 'Universal Render Pipeline/Particles/Lit': fallback shader 'Universal Render Pipeline/Particles/SimpleLit' not found
Refreshing native plugins compatible for Editor in 0.48 ms, found 2 plugins.
Preloading 0 native plugins for Editor in 0.00 ms.
Unloading 2581 Unused Serialized files (Serialized files now loaded: 0)
System memory in use before: 122.7 MB.
System memory in use after: 122.9 MB.

Unloading 14 unused Assets to reduce memory usage. Loaded Objects now: 3296.
Total: 2.188000 ms (FindLiveObjects: 0.293700 ms CreateObjectMapping: 0.071500 ms MarkObjects: 1.805800 ms  DeleteObjects: 0.015800 ms)

========================================================================
Received Prepare
Registering precompiled user dll's ...
Registered in 0.003621 seconds.
Begin MonoManager ReloadAssembly
Native extension for WindowsStandalone target not found
Refreshing native plugins compatible for Editor in 0.49 ms, found 2 plugins.
Preloading 0 native plugins for Editor in 0.00 ms.
Mono: successfully reloaded assembly
- Completed reload, in  0.877 seconds
Platform modules already initialized, skipping
Shader 'Universal Render Pipeline/Particles/Lit': fallback shader 'Universal Render Pipeline/Particles/SimpleLit' not found
Refreshing native plugins compatible for Editor in 0.49 ms, found 2 plugins.
Preloading 0 native plugins for Editor in 0.00 ms.
Unloading 2581 Unused Serialized files (Serialized files now loaded: 0)
System memory in use before: 122.7 MB.
System memory in use after: 122.9 MB.

Unloading 14 unused Assets to reduce memory usage. Loaded Objects now: 3299.
Total: 2.230400 ms (FindLiveObjects: 0.293300 ms CreateObjectMapping: 0.080100 ms MarkObjects: 1.840600 ms  DeleteObjects: 0.015300 ms)

========================================================================
Received Import Request.
  Time since last request: 627.470001 seconds.
  path: ProjectSettings/TagManager.asset
  artifactKey: Guid(00000000000000003000000000000000) Importer(815301076,1909f56bfc062723c751e8b465ee728b)
Start importing ProjectSettings/TagManager.asset using Guid(00000000000000003000000000000000) Importer(815301076,1909f56bfc062723c751e8b465ee728b)  -> (artifact id: '382d8e2afea4c5ed09eca3b8c3ecbad8') in 0.028054 seconds
  Import took 0.031878 seconds .

========================================================================
Received Prepare
Registering precompiled user dll's ...
Registered in 0.003717 seconds.
Begin MonoManager ReloadAssembly
Native extension for WindowsStandalone target not found
Refreshing native plugins compatible for Editor in 0.51 ms, found 2 plugins.
Preloading 0 native plugins for Editor in 0.00 ms.
Mono: successfully reloaded assembly
- Completed reload, in  0.911 seconds
Platform modules already initialized, skipping
Shader 'Universal Render Pipeline/Particles/Lit': fallback shader 'Universal Render Pipeline/Particles/SimpleLit' not found
Refreshing native plugins compatible for Editor in 0.49 ms, found 2 plugins.
Preloading 0 native plugins for Editor in 0.00 ms.
Unloading 2581 Unused Serialized files (Serialized files now loaded: 0)
System memory in use before: 122.7 MB.
System memory in use after: 123.0 MB.

Unloading 15 unused Assets to reduce memory usage. Loaded Objects now: 3302.
Total: 2.196300 ms (FindLiveObjects: 0.280900 ms CreateObjectMapping: 0.069100 ms MarkObjects: 1.825600 ms  DeleteObjects: 0.019900 ms)

========================================================================
Received Prepare
Registering precompiled user dll's ...
Registered in 0.003683 seconds.
Begin MonoManager ReloadAssembly
Native extension for WindowsStandalone target not found
Refreshing native plugins compatible for Editor in 0.48 ms, found 2 plugins.
Preloading 0 native plugins for Editor in 0.00 ms.
Mono: successfully reloaded assembly
- Completed reload, in  0.904 seconds
Platform modules already initialized, skipping
Shader 'Universal Render Pipeline/Particles/Lit': fallback shader 'Universal Render Pipeline/Particles/SimpleLit' not found
Refreshing native plugins compatible for Editor in 0.49 ms, found 2 plugins.
Preloading 0 native plugins for Editor in 0.00 ms.
Unloading 2581 Unused Serialized files (Serialized files now loaded: 0)
System memory in use before: 122.7 MB.
System memory in use after: 123.0 MB.

Unloading 14 unused Assets to reduce memory usage. Loaded Objects now: 3305.
Total: 2.150900 ms (FindLiveObjects: 0.272700 ms CreateObjectMapping: 0.069100 ms MarkObjects: 1.781800 ms  DeleteObjects: 0.026300 ms)

========================================================================
Received Prepare
Registering precompiled user dll's ...
Registered in 0.003639 seconds.
Begin MonoManager ReloadAssembly
Native extension for WindowsStandalone target not found
Refreshing native plugins compatible for Editor in 0.47 ms, found 2 plugins.
Preloading 0 native plugins for Editor in 0.00 ms.
Mono: successfully reloaded assembly
- Completed reload, in  0.899 seconds
Platform modules already initialized, skipping
Shader 'Universal Render Pipeline/Particles/Lit': fallback shader 'Universal Render Pipeline/Particles/SimpleLit' not found
Refreshing native plugins compatible for Editor in 0.51 ms, found 2 plugins.
Preloading 0 native plugins for Editor in 0.00 ms.
Unloading 2581 Unused Serialized files (Serialized files now loaded: 0)
System memory in use before: 122.7 MB.
System memory in use after: 123.0 MB.

Unloading 14 unused Assets to reduce memory usage. Loaded Objects now: 3308.
Total: 2.193000 ms (FindLiveObjects: 0.245800 ms CreateObjectMapping: 0.071800 ms MarkObjects: 1.859100 ms  DeleteObjects: 0.015300 ms)

========================================================================
Received Import Request.
  Time since last request: 787.802388 seconds.
  path: Assets/Materials/Bleu.mat
  artifactKey: Guid(cb7bb571b00953342989e6e4377f7b6e) Importer(815301076,1909f56bfc062723c751e8b465ee728b)
Start importing Assets/Materials/Bleu.mat using Guid(cb7bb571b00953342989e6e4377f7b6e) Importer(815301076,1909f56bfc062723c751e8b465ee728b)  -> (artifact id: 'a424d86c17db8c835bb45b315ccde709') in 0.155180 seconds
  Import took 0.159870 seconds .

